0 info it worked if it ends with ok
1 verbose cli [ 'node', '/usr/local/bin/npm', 'install', 'modernizr' ]
2 info using npm@1.4.19
3 info using node@v0.10.26
4 warn package.json @ No description
5 warn package.json @ No repository field.
6 warn package.json @ No README data
7 verbose readDependencies using package.json deps
8 verbose cache add [ 'modernizr', null ]
9 verbose cache add name=undefined spec="modernizr" args=["modernizr",null]
10 verbose parsed url { protocol: null,
10 verbose parsed url   slashes: null,
10 verbose parsed url   auth: null,
10 verbose parsed url   host: null,
10 verbose parsed url   port: null,
10 verbose parsed url   hostname: null,
10 verbose parsed url   hash: null,
10 verbose parsed url   search: null,
10 verbose parsed url   query: null,
10 verbose parsed url   pathname: 'modernizr',
10 verbose parsed url   path: 'modernizr',
10 verbose parsed url   href: 'modernizr' }
11 silly lockFile 269b9fca-modernizr modernizr
12 verbose lock modernizr /Users/wichura/.npm/269b9fca-modernizr.lock
13 silly lockFile 269b9fca-modernizr modernizr
14 silly lockFile 269b9fca-modernizr modernizr
15 verbose addNamed [ 'modernizr', '' ]
16 verbose addNamed [ null, '*' ]
17 silly lockFile b4d6d153-modernizr modernizr@
18 verbose lock modernizr@ /Users/wichura/.npm/b4d6d153-modernizr.lock
19 silly addNameRange { name: 'modernizr', range: '*', hasData: false }
20 verbose request where is /modernizr
21 verbose request registry https://registry.npmjs.org/
22 verbose request id 5ed4267c865006f6
23 verbose url raw /modernizr
24 verbose url resolving [ 'https://registry.npmjs.org/', './modernizr' ]
25 verbose url resolved https://registry.npmjs.org/modernizr
26 verbose request where is https://registry.npmjs.org/modernizr
27 info trying registry request attempt 1 at 15:53:06
28 http GET https://registry.npmjs.org/modernizr
29 http 404 https://registry.npmjs.org/modernizr
30 verbose headers { date: 'Sat, 16 Aug 2014 14:53:06 GMT',
30 verbose headers   server: 'CouchDB/1.5.0 (Erlang OTP/R16B03)',
30 verbose headers   'content-type': 'application/json',
30 verbose headers   'cache-control': 'max-age=0',
30 verbose headers   'content-length': '52',
30 verbose headers   'accept-ranges': 'bytes',
30 verbose headers   via: '1.1 varnish',
30 verbose headers   age: '0',
30 verbose headers   'x-served-by': 'cache-lo83-LHR',
30 verbose headers   'x-cache': 'MISS',
30 verbose headers   'x-cache-hits': '0',
30 verbose headers   'x-timer': 'S1408200786.766752,VS0,VE155',
30 verbose headers   'keep-alive': 'timeout=10, max=50',
30 verbose headers   connection: 'Keep-Alive' }
31 silly registry.get cb [ 404,
31 silly registry.get   { date: 'Sat, 16 Aug 2014 14:53:06 GMT',
31 silly registry.get     server: 'CouchDB/1.5.0 (Erlang OTP/R16B03)',
31 silly registry.get     'content-type': 'application/json',
31 silly registry.get     'cache-control': 'max-age=0',
31 silly registry.get     'content-length': '52',
31 silly registry.get     'accept-ranges': 'bytes',
31 silly registry.get     via: '1.1 varnish',
31 silly registry.get     age: '0',
31 silly registry.get     'x-served-by': 'cache-lo83-LHR',
31 silly registry.get     'x-cache': 'MISS',
31 silly registry.get     'x-cache-hits': '0',
31 silly registry.get     'x-timer': 'S1408200786.766752,VS0,VE155',
31 silly registry.get     'keep-alive': 'timeout=10, max=50',
31 silly registry.get     connection: 'Keep-Alive' } ]
32 silly lockFile b4d6d153-modernizr modernizr@
33 silly lockFile b4d6d153-modernizr modernizr@
34 error 404 404 Not Found: modernizr
34 error 404
34 error 404 'modernizr' is not in the npm registry.
34 error 404 You should bug the author to publish it
34 error 404
34 error 404 Note that you can also install from a
34 error 404 tarball, folder, or http url, or git url.
35 error System Darwin 14.0.0
36 error command "node" "/usr/local/bin/npm" "install" "modernizr"
37 error cwd /Users/wichura/Code/behaviors
38 error node -v v0.10.26
39 error npm -v 1.4.19
40 error code E404
41 verbose exit [ 1, true ]
